[2026-06-30 00:42:31:4231] [[32minfo[39m]: [32m=================================[39m
[2026-06-30 00:42:31:4231] [[32minfo[39m]: [32m  Server running on port 5000[39m
[2026-06-30 00:42:31:4231] [[32minfo[39m]: [32m  Environment: development[39m
[2026-06-30 00:42:31:4231] [[32minfo[39m]: [32m  Health check: http://localhost:5000/api/health[39m
[2026-06-30 00:42:31:4231] [[32minfo[39m]: [32m=================================[39m
[2026-06-30 00:51:16:5116] [[35mhttp[39m]: [35mGET /api/health[39m
[2026-06-30 00:51:42:5142] [[35mhttp[39m]: [35mGET /api/health[39m
[2026-06-30 00:51:43:5143] [[35mhttp[39m]: [35mGET /favicon.ico[39m
[2026-06-30 00:51:52:5152] [[35mhttp[39m]: [35mPOST /api/auth/login[39m
[2026-06-30 00:51:52:5152] [[32minfo[39m]: [32mLogin attempt for email: admin@brassflow.in[39m
[2026-06-30 00:52:43:5243] [[35mhttp[39m]: [35mPOST /api/auth/login[39m
[2026-06-30 00:52:43:5243] [[32minfo[39m]: [32mLogin attempt for email: admin@brassflow.in[39m
[2026-06-30 00:54:42:5442] [[32minfo[39m]: [32m=================================[39m
[2026-06-30 00:54:42:5442] [[32minfo[39m]: [32m  Server running on port 5000[39m
[2026-06-30 00:54:42:5442] [[32minfo[39m]: [32m  Environment: development[39m
[2026-06-30 00:54:42:5442] [[32minfo[39m]: [32m  Health check: http://localhost:5000/api/health[39m
[2026-06-30 00:54:42:5442] [[32minfo[39m]: [32m=================================[39m
[2026-06-30 00:55:56:5556] [[32minfo[39m]: [32m=================================[39m
[2026-06-30 00:55:56:5556] [[32minfo[39m]: [32m  Server running on port 5000[39m
[2026-06-30 00:55:56:5556] [[32minfo[39m]: [32m  Environment: development[39m
[2026-06-30 00:55:56:5556] [[32minfo[39m]: [32m  Health check: http://localhost:5000/api/health[39m
[2026-06-30 00:55:56:5556] [[32minfo[39m]: [32m=================================[39m
[2026-06-30 00:56:46:5646] [[32minfo[39m]: [32m=================================[39m
[2026-06-30 00:56:46:5646] [[32minfo[39m]: [32m  Server running on port 5000[39m
[2026-06-30 00:56:46:5646] [[32minfo[39m]: [32m  Environment: development[39m
[2026-06-30 00:56:46:5646] [[32minfo[39m]: [32m  Health check: http://localhost:5000/api/health[39m
[2026-06-30 00:56:46:5646] [[32minfo[39m]: [32m=================================[39m
[2026-06-30 00:57:30:5730] [[32minfo[39m]: [32m=================================[39m
[2026-06-30 00:57:30:5730] [[32minfo[39m]: [32m  Server running on port 5000[39m
[2026-06-30 00:57:30:5730] [[32minfo[39m]: [32m  Environment: development[39m
[2026-06-30 00:57:30:5730] [[32minfo[39m]: [32m  Health check: http://localhost:5000/api/health[39m
[2026-06-30 00:57:30:5730] [[32minfo[39m]: [32m=================================[39m
[2026-06-30 00:57:44:5744] [[35mhttp[39m]: [35mPOST /api/auth/logout[39m
[2026-06-30 00:57:44:5744] [[32minfo[39m]: [32mLogout requested[39m
[2026-06-30 00:57:53:5753] [[35mhttp[39m]: [35mPOST /api/auth/login[39m
[2026-06-30 00:57:53:5753] [[32minfo[39m]: [32mLogin attempt for email: admin@brassflow.in[39m
[2026-06-30 00:58:17:5817] [[32minfo[39m]: [32m=================================[39m
[2026-06-30 00:58:17:5817] [[32minfo[39m]: [32m  Server running on port 5000[39m
[2026-06-30 00:58:17:5817] [[32minfo[39m]: [32m  Environment: development[39m
[2026-06-30 00:58:17:5817] [[32minfo[39m]: [32m  Health check: http://localhost:5000/api/health[39m
[2026-06-30 00:58:17:5817] [[32minfo[39m]: [32m=================================[39m
[2026-06-30 00:58:49:5849] [[32minfo[39m]: [32m=================================[39m
[2026-06-30 00:58:49:5849] [[32minfo[39m]: [32m  Server running on port 5000[39m
[2026-06-30 00:58:49:5849] [[32minfo[39m]: [32m  Environment: development[39m
[2026-06-30 00:58:49:5849] [[32minfo[39m]: [32m  Health check: http://localhost:5000/api/health[39m
[2026-06-30 00:58:49:5849] [[32minfo[39m]: [32m=================================[39m
[2026-06-30 00:59:19:5919] [[32minfo[39m]: [32m=================================[39m
[2026-06-30 00:59:19:5919] [[32minfo[39m]: [32m  Server running on port 5000[39m
[2026-06-30 00:59:19:5919] [[32minfo[39m]: [32m  Environment: development[39m
[2026-06-30 00:59:19:5919] [[32minfo[39m]: [32m  Health check: http://localhost:5000/api/health[39m
[2026-06-30 00:59:19:5919] [[32minfo[39m]: [32m=================================[39m
[2026-06-30 01:00:25:025] [[32minfo[39m]: [32m=================================[39m
[2026-06-30 01:00:25:025] [[32minfo[39m]: [32m  Server running on port 5000[39m
[2026-06-30 01:00:25:025] [[32minfo[39m]: [32m  Environment: development[39m
[2026-06-30 01:00:25:025] [[32minfo[39m]: [32m  Health check: http://localhost:5000/api/health[39m
[2026-06-30 01:00:25:025] [[32minfo[39m]: [32m=================================[39m
[2026-06-30 01:01:02:12] [[32minfo[39m]: [32m=================================[39m
[2026-06-30 01:01:02:12] [[32minfo[39m]: [32m  Server running on port 5000[39m
[2026-06-30 01:01:02:12] [[32minfo[39m]: [32m  Environment: development[39m
[2026-06-30 01:01:02:12] [[32minfo[39m]: [32m  Health check: http://localhost:5000/api/health[39m
[2026-06-30 01:01:02:12] [[32minfo[39m]: [32m=================================[39m
[2026-06-30 01:01:35:135] [[32minfo[39m]: [32m=================================[39m
[2026-06-30 01:01:35:135] [[32minfo[39m]: [32m  Server running on port 5000[39m
[2026-06-30 01:01:35:135] [[32minfo[39m]: [32m  Environment: development[39m
[2026-06-30 01:01:35:135] [[32minfo[39m]: [32m  Health check: http://localhost:5000/api/health[39m
[2026-06-30 01:01:35:135] [[32minfo[39m]: [32m=================================[39m
[2026-06-30 01:02:03:23] [[32minfo[39m]: [32m=================================[39m
[2026-06-30 01:02:03:23] [[32minfo[39m]: [32m  Server running on port 5000[39m
[2026-06-30 01:02:03:23] [[32minfo[39m]: [32m  Environment: development[39m
[2026-06-30 01:02:03:23] [[32minfo[39m]: [32m  Health check: http://localhost:5000/api/health[39m
[2026-06-30 01:02:03:23] [[32minfo[39m]: [32m=================================[39m
[2026-06-30 01:02:24:224] [[35mhttp[39m]: [35mGET /api/health[39m
[2026-06-30 01:02:38:238] [[35mhttp[39m]: [35mGET /api/analytics/dashboard[39m
[2026-06-30 01:02:38:238] [[32minfo[39m]: [32mAggregating dashboard KPIs and report analytics[39m
[2026-06-30 01:02:40:240] [[35mhttp[39m]: [35mGET /api/customers[39m
[2026-06-30 01:02:40:240] [[32minfo[39m]: [32mFetching all customers[39m
[2026-06-30 01:02:41:241] [[35mhttp[39m]: [35mGET /api/suppliers[39m
[2026-06-30 01:02:41:241] [[32minfo[39m]: [32mFetching all suppliers[39m
[2026-06-30 01:02:43:243] [[35mhttp[39m]: [35mGET /api/products[39m
[2026-06-30 01:02:43:243] [[32minfo[39m]: [32mFetching all products[39m
[2026-06-30 01:02:46:246] [[35mhttp[39m]: [35mGET /api/invoices[39m
[2026-06-30 01:02:46:246] [[32minfo[39m]: [32mFetching all invoices[39m
[2026-06-30 01:02:46:246] [[35mhttp[39m]: [35mGET /api/customers[39m
[2026-06-30 01:02:46:246] [[32minfo[39m]: [32mFetching all customers[39m
[2026-06-30 01:02:46:246] [[35mhttp[39m]: [35mGET /api/products[39m
[2026-06-30 01:02:46:246] [[32minfo[39m]: [32mFetching all products[39m
[2026-06-30 01:05:05:55] [[35mhttp[39m]: [35mGET /api/analytics/dashboard[39m
[2026-06-30 01:05:05:55] [[32minfo[39m]: [32mAggregating dashboard KPIs and report analytics[39m
[2026-06-30 01:05:14:514] [[35mhttp[39m]: [35mGET /api/customers[39m
[2026-06-30 01:05:14:514] [[32minfo[39m]: [32mFetching all customers[39m
[2026-06-30 01:07:07:77] [[35mhttp[39m]: [35mPOST /api/customers[39m
[2026-06-30 01:07:07:77] [[32minfo[39m]: [32mCreating customer: Aksar enterprisse[39m
[2026-06-30 01:07:10:710] [[35mhttp[39m]: [35mGET /api/customers[39m
[2026-06-30 01:07:10:710] [[32minfo[39m]: [32mFetching all customers[39m
[2026-06-30 01:07:13:713] [[35mhttp[39m]: [35mGET /api/products[39m
[2026-06-30 01:07:14:714] [[32minfo[39m]: [32mFetching all products[39m
[2026-06-30 01:07:36:736] [[35mhttp[39m]: [35mGET /api/invoices[39m
[2026-06-30 01:07:36:736] [[32minfo[39m]: [32mFetching all invoices[39m
[2026-06-30 01:07:37:737] [[35mhttp[39m]: [35mGET /api/customers[39m
[2026-06-30 01:07:38:738] [[32minfo[39m]: [32mFetching all customers[39m
[2026-06-30 01:07:41:741] [[35mhttp[39m]: [35mGET /api/products[39m
[2026-06-30 01:07:41:741] [[32minfo[39m]: [32mFetching all products[39m
[2026-06-30 01:08:01:81] [[35mhttp[39m]: [35mGET /api/ocr[39m
[2026-06-30 01:08:01:81] [[32minfo[39m]: [32mFetching all OCR documents[39m
[2026-06-30 01:08:01:81] [[31merror[39m]: [31mFailed fetching OCR docs: Cannot read properties of undefined (reading 'findMany')[39m
[2026-06-30 01:08:03:83] [[35mhttp[39m]: [35mGET /api/invoices[39m
[2026-06-30 01:08:03:83] [[32minfo[39m]: [32mFetching all invoices[39m
[2026-06-30 01:08:04:84] [[35mhttp[39m]: [35mGET /api/customers[39m
[2026-06-30 01:08:04:84] [[32minfo[39m]: [32mFetching all customers[39m
[2026-06-30 01:08:06:86] [[35mhttp[39m]: [35mGET /api/products[39m
[2026-06-30 01:08:06:86] [[32minfo[39m]: [32mFetching all products[39m
[2026-06-30 01:08:06:86] [[35mhttp[39m]: [35mGET /api/ocr[39m
[2026-06-30 01:08:06:86] [[32minfo[39m]: [32mFetching all OCR documents[39m
[2026-06-30 01:08:06:86] [[31merror[39m]: [31mFailed fetching OCR docs: Cannot read properties of undefined (reading 'findMany')[39m
[2026-06-30 01:10:42:1042] [[35mhttp[39m]: [35mGET /api/invoices[39m
[2026-06-30 01:10:42:1042] [[32minfo[39m]: [32mFetching all invoices[39m
[2026-06-30 01:10:42:1042] [[35mhttp[39m]: [35mGET /api/customers[39m
[2026-06-30 01:10:42:1042] [[32minfo[39m]: [32mFetching all customers[39m
[2026-06-30 01:10:42:1042] [[35mhttp[39m]: [35mGET /api/products[39m
[2026-06-30 01:10:42:1042] [[32minfo[39m]: [32mFetching all products[39m
[2026-06-30 01:10:42:1042] [[35mhttp[39m]: [35mGET /api/products[39m
[2026-06-30 01:10:42:1042] [[32minfo[39m]: [32mFetching all products[39m
[2026-06-30 01:10:45:1045] [[35mhttp[39m]: [35mGET /api/customers[39m
[2026-06-30 01:10:45:1045] [[32minfo[39m]: [32mFetching all customers[39m
[2026-06-30 01:10:45:1045] [[35mhttp[39m]: [35mGET /api/suppliers[39m
[2026-06-30 01:10:45:1045] [[32minfo[39m]: [32mFetching all suppliers[39m
[2026-06-30 01:11:01:111] [[35mhttp[39m]: [35mGET /api/invoices[39m
[2026-06-30 01:11:01:111] [[32minfo[39m]: [32mFetching all invoices[39m
[2026-06-30 01:11:01:111] [[35mhttp[39m]: [35mGET /api/customers[39m
[2026-06-30 01:11:01:111] [[32minfo[39m]: [32mFetching all customers[39m
[2026-06-30 01:11:01:111] [[35mhttp[39m]: [35mGET /api/products[39m
[2026-06-30 01:11:01:111] [[32minfo[39m]: [32mFetching all products[39m
[2026-06-30 01:11:03:113] [[35mhttp[39m]: [35mGET /api/reminders[39m
[2026-06-30 01:11:03:113] [[32minfo[39m]: [32mFetching all payment reminders[39m
[2026-06-30 01:11:03:113] [[35mhttp[39m]: [35mGET /api/reminders/logs[39m
[2026-06-30 01:11:03:113] [[32minfo[39m]: [32mFetching payment reminder execution audit trail[39m
[2026-06-30 01:11:03:113] [[35mhttp[39m]: [35mGET /api/invoices[39m
[2026-06-30 01:11:03:113] [[32minfo[39m]: [32mFetching all invoices[39m
[2026-06-30 01:11:11:1111] [[35mhttp[39m]: [35mGET /api/suppliers[39m
[2026-06-30 01:11:11:1111] [[32minfo[39m]: [32mFetching all suppliers[39m
[2026-06-30 01:11:11:1111] [[35mhttp[39m]: [35mGET /api/customers[39m
[2026-06-30 01:11:11:1111] [[32minfo[39m]: [32mFetching all customers[39m
[2026-06-30 01:11:12:1112] [[35mhttp[39m]: [35mGET /api/invoices[39m
[2026-06-30 01:11:12:1112] [[32minfo[39m]: [32mFetching all invoices[39m
[2026-06-30 01:11:12:1112] [[35mhttp[39m]: [35mGET /api/customers[39m
[2026-06-30 01:11:12:1112] [[32minfo[39m]: [32mFetching all customers[39m
[2026-06-30 01:11:12:1112] [[35mhttp[39m]: [35mGET /api/products[39m
[2026-06-30 01:11:12:1112] [[32minfo[39m]: [32mFetching all products[39m
[2026-06-30 01:11:21:1121] [[35mhttp[39m]: [35mGET /api/suppliers[39m
[2026-06-30 01:11:21:1121] [[32minfo[39m]: [32mFetching all suppliers[39m
[2026-06-30 01:11:21:1121] [[35mhttp[39m]: [35mGET /api/products[39m
[2026-06-30 01:11:21:1121] [[32minfo[39m]: [32mFetching all products[39m
[2026-06-30 01:24:15:2415] [[32minfo[39m]: [32m=================================[39m
[2026-06-30 01:24:15:2415] [[32minfo[39m]: [32m  Server running on port 5000[39m
[2026-06-30 01:24:15:2415] [[32minfo[39m]: [32m  Environment: development[39m
[2026-06-30 01:24:15:2415] [[32minfo[39m]: [32m  Health check: http://localhost:5000/api/health[39m
[2026-06-30 01:24:15:2415] [[32minfo[39m]: [32m=================================[39m
[2026-06-30 01:33:50:3350] [[32minfo[39m]: [32m=================================[39m
[2026-06-30 01:33:50:3350] [[32minfo[39m]: [32m  Server running on port 5000[39m
[2026-06-30 01:33:50:3350] [[32minfo[39m]: [32m  Environment: development[39m
[2026-06-30 01:33:50:3350] [[32minfo[39m]: [32m  Health check: http://localhost:5000/api/health[39m
[2026-06-30 01:33:50:3350] [[32minfo[39m]: [32m=================================[39m
[2026-06-30 01:34:00:340] [[32minfo[39m]: [32m=================================[39m
[2026-06-30 01:34:00:340] [[32minfo[39m]: [32m  Server running on port 5000[39m
[2026-06-30 01:34:00:340] [[32minfo[39m]: [32m  Environment: development[39m
[2026-06-30 01:34:00:340] [[32minfo[39m]: [32m  Health check: http://localhost:5000/api/health[39m
[2026-06-30 01:34:00:340] [[32minfo[39m]: [32m=================================[39m
[2026-06-30 01:34:10:3410] [[32minfo[39m]: [32m=================================[39m
[2026-06-30 01:34:10:3410] [[32minfo[39m]: [32m  Server running on port 5000[39m
[2026-06-30 01:34:10:3410] [[32minfo[39m]: [32m  Environment: development[39m
[2026-06-30 01:34:10:3410] [[32minfo[39m]: [32m  Health check: http://localhost:5000/api/health[39m
[2026-06-30 01:34:10:3410] [[32minfo[39m]: [32m=================================[39m
[2026-06-30 01:34:17:3417] [[32minfo[39m]: [32m=================================[39m
[2026-06-30 01:34:17:3417] [[32minfo[39m]: [32m  Server running on port 5000[39m
[2026-06-30 01:34:17:3417] [[32minfo[39m]: [32m  Environment: development[39m
[2026-06-30 01:34:17:3417] [[32minfo[39m]: [32m  Health check: http://localhost:5000/api/health[39m
[2026-06-30 01:34:17:3417] [[32minfo[39m]: [32m=================================[39m
[2026-06-30 01:37:23:3723] [[32minfo[39m]: [32m=================================[39m
[2026-06-30 01:37:23:3723] [[32minfo[39m]: [32m  Server running on port 5000[39m
[2026-06-30 01:37:23:3723] [[32minfo[39m]: [32m  Environment: development[39m
[2026-06-30 01:37:23:3723] [[32minfo[39m]: [32m  Health check: http://localhost:5000/api/health[39m
[2026-06-30 01:37:23:3723] [[32minfo[39m]: [32m=================================[39m
[2026-06-30 01:41:23:4123] [[35mhttp[39m]: [35mGET /api/analytics/dashboard[39m
[2026-06-30 01:41:23:4123] [[32minfo[39m]: [32mAggregating dashboard KPIs and report analytics[39m
[2026-06-30 01:41:26:4126] [[35mhttp[39m]: [35mGET /api/customers[39m
[2026-06-30 01:41:26:4126] [[32minfo[39m]: [32mFetching all customers[39m
[2026-06-30 01:41:28:4128] [[35mhttp[39m]: [35mGET /api/purchases[39m
[2026-06-30 01:41:28:4128] [[32minfo[39m]: [32mFetching all purchases[39m
[2026-06-30 01:41:28:4128] [[35mhttp[39m]: [35mGET /api/suppliers[39m
[2026-06-30 01:41:28:4128] [[32minfo[39m]: [32mFetching all suppliers[39m
[2026-06-30 01:41:28:4128] [[35mhttp[39m]: [35mGET /api/products[39m
[2026-06-30 01:41:28:4128] [[32minfo[39m]: [32mFetching all products[39m
[2026-06-30 01:41:32:4132] [[35mhttp[39m]: [35mGET /api/products[39m
[2026-06-30 01:41:32:4132] [[32minfo[39m]: [32mFetching all products[39m
[2026-06-30 01:41:32:4132] [[35mhttp[39m]: [35mGET /api/purchases[39m
[2026-06-30 01:41:32:4132] [[32minfo[39m]: [32mFetching all purchases[39m
[2026-06-30 01:41:33:4133] [[35mhttp[39m]: [35mGET /api/suppliers[39m
[2026-06-30 01:41:33:4133] [[32minfo[39m]: [32mFetching all suppliers[39m
[2026-06-30 01:41:33:4133] [[35mhttp[39m]: [35mGET /api/products[39m
[2026-06-30 01:41:33:4133] [[32minfo[39m]: [32mFetching all products[39m
[2026-06-30 01:41:57:4157] [[35mhttp[39m]: [35mGET /api/invoices[39m
[2026-06-30 01:41:57:4157] [[32minfo[39m]: [32mFetching all invoices[39m
[2026-06-30 01:41:57:4157] [[35mhttp[39m]: [35mGET /api/customers[39m
[2026-06-30 01:41:57:4157] [[32minfo[39m]: [32mFetching all customers[39m
[2026-06-30 01:41:57:4157] [[35mhttp[39m]: [35mGET /api/products[39m
[2026-06-30 01:41:57:4157] [[32minfo[39m]: [32mFetching all products[39m
[2026-06-30 01:42:01:421] [[35mhttp[39m]: [35mGET /api/ocr[39m
[2026-06-30 01:42:01:421] [[32minfo[39m]: [32mFetching all OCR documents[39m
[2026-06-30 01:42:02:422] [[35mhttp[39m]: [35mGET /api/invoices[39m
[2026-06-30 01:42:02:422] [[32minfo[39m]: [32mFetching all invoices[39m
[2026-06-30 01:42:02:422] [[35mhttp[39m]: [35mGET /api/customers[39m
[2026-06-30 01:42:02:422] [[32minfo[39m]: [32mFetching all customers[39m
[2026-06-30 01:42:02:422] [[35mhttp[39m]: [35mGET /api/products[39m
[2026-06-30 01:42:02:422] [[32minfo[39m]: [32mFetching all products[39m
[2026-06-30 01:42:10:4210] [[35mhttp[39m]: [35mGET /api/products[39m
[2026-06-30 01:42:10:4210] [[32minfo[39m]: [32mFetching all products[39m
[2026-06-30 01:42:11:4211] [[35mhttp[39m]: [35mGET /api/suppliers[39m
[2026-06-30 01:42:11:4211] [[32minfo[39m]: [32mFetching all suppliers[39m
[2026-06-30 01:42:13:4213] [[35mhttp[39m]: [35mGET /api/products[39m
[2026-06-30 01:42:13:4213] [[32minfo[39m]: [32mFetching all products[39m
[2026-06-30 01:42:14:4214] [[35mhttp[39m]: [35mGET /api/purchases[39m
[2026-06-30 01:42:14:4214] [[32minfo[39m]: [32mFetching all purchases[39m
[2026-06-30 01:42:14:4214] [[35mhttp[39m]: [35mGET /api/suppliers[39m
[2026-06-30 01:42:14:4214] [[32minfo[39m]: [32mFetching all suppliers[39m
[2026-06-30 01:42:14:4214] [[35mhttp[39m]: [35mGET /api/products[39m
[2026-06-30 01:42:14:4214] [[32minfo[39m]: [32mFetching all products[39m
[2026-06-30 01:42:15:4215] [[35mhttp[39m]: [35mGET /api/invoices[39m
[2026-06-30 01:42:15:4215] [[32minfo[39m]: [32mFetching all invoices[39m
[2026-06-30 01:42:15:4215] [[35mhttp[39m]: [35mGET /api/customers[39m
[2026-06-30 01:42:15:4215] [[32minfo[39m]: [32mFetching all customers[39m
[2026-06-30 01:42:15:4215] [[35mhttp[39m]: [35mGET /api/products[39m
[2026-06-30 01:42:15:4215] [[32minfo[39m]: [32mFetching all products[39m
[2026-06-30 01:42:17:4217] [[35mhttp[39m]: [35mGET /api/ocr[39m
[2026-06-30 01:42:17:4217] [[32minfo[39m]: [32mFetching all OCR documents[39m
[2026-06-30 01:42:18:4218] [[35mhttp[39m]: [35mGET /api/invoices[39m
[2026-06-30 01:42:18:4218] [[32minfo[39m]: [32mFetching all invoices[39m
[2026-06-30 01:42:18:4218] [[35mhttp[39m]: [35mGET /api/customers[39m
[2026-06-30 01:42:18:4218] [[32minfo[39m]: [32mFetching all customers[39m
[2026-06-30 01:42:18:4218] [[35mhttp[39m]: [35mGET /api/products[39m
[2026-06-30 01:42:18:4218] [[32minfo[39m]: [32mFetching all products[39m
[2026-06-30 01:42:19:4219] [[35mhttp[39m]: [35mGET /api/products[39m
[2026-06-30 01:42:19:4219] [[32minfo[39m]: [32mFetching all products[39m
[2026-06-30 01:42:30:4230] [[35mhttp[39m]: [35mGET /api/purchases[39m
[2026-06-30 01:42:30:4230] [[32minfo[39m]: [32mFetching all purchases[39m
[2026-06-30 01:42:30:4230] [[35mhttp[39m]: [35mGET /api/suppliers[39m
[2026-06-30 01:42:30:4230] [[32minfo[39m]: [32mFetching all suppliers[39m
[2026-06-30 01:42:30:4230] [[35mhttp[39m]: [35mGET /api/products[39m
[2026-06-30 01:42:30:4230] [[32minfo[39m]: [32mFetching all products[39m
[2026-06-30 01:44:06:446] [[35mhttp[39m]: [35mPOST /api/ocr/upload[39m
[2026-06-30 01:44:06:446] [[31merror[39m]: [31mGlobal Error: Unexpected field[39m
[2026-06-30 01:45:21:4521] [[35mhttp[39m]: [35mGET /api/reminders[39m
[2026-06-30 01:45:21:4521] [[32minfo[39m]: [32mFetching all payment reminders[39m
[2026-06-30 01:45:21:4521] [[35mhttp[39m]: [35mGET /api/reminders/logs[39m
[2026-06-30 01:45:21:4521] [[32minfo[39m]: [32mFetching payment reminder execution audit trail[39m
[2026-06-30 01:45:21:4521] [[35mhttp[39m]: [35mGET /api/invoices[39m
[2026-06-30 01:45:21:4521] [[32minfo[39m]: [32mFetching all invoices[39m
[2026-06-30 01:45:29:4529] [[35mhttp[39m]: [35mGET /api/suppliers[39m
[2026-06-30 01:45:29:4529] [[32minfo[39m]: [32mFetching all suppliers[39m
[2026-06-30 01:45:30:4530] [[35mhttp[39m]: [35mGET /api/purchases[39m
[2026-06-30 01:45:30:4530] [[32minfo[39m]: [32mFetching all purchases[39m
[2026-06-30 01:45:30:4530] [[35mhttp[39m]: [35mGET /api/suppliers[39m
[2026-06-30 01:45:30:4530] [[32minfo[39m]: [32mFetching all suppliers[39m
[2026-06-30 01:45:30:4530] [[35mhttp[39m]: [35mGET /api/products[39m
[2026-06-30 01:45:30:4530] [[32minfo[39m]: [32mFetching all products[39m
[2026-06-30 01:45:36:4536] [[35mhttp[39m]: [35mPOST /api/ocr/upload[39m
[2026-06-30 01:45:36:4536] [[32minfo[39m]: [32mReceived file upload: Saraswati_Metal_Scrap_Invoice.pdf of type PURCHASE_BILL[39m
[2026-06-30 01:45:36:4536] [[32minfo[39m]: [32mStarting asynchronous AI OCR process for document: 2a27329e-b544-4128-a5f3-c46d739728a8[39m
[2026-06-30 01:45:37:4537] [[35mhttp[39m]: [35mGET /api/ocr/2a27329e-b544-4128-a5f3-c46d739728a8[39m
[2026-06-30 01:45:37:4537] [[32minfo[39m]: [32mFetching OCR document: 2a27329e-b544-4128-a5f3-c46d739728a8[39m
[2026-06-30 01:45:38:4538] [[35mhttp[39m]: [35mGET /api/ocr/2a27329e-b544-4128-a5f3-c46d739728a8[39m
[2026-06-30 01:45:38:4538] [[32minfo[39m]: [32mFetching OCR document: 2a27329e-b544-4128-a5f3-c46d739728a8[39m
[2026-06-30 01:45:39:4539] [[32minfo[39m]: [32mOCR processing finished successfully for: 2a27329e-b544-4128-a5f3-c46d739728a8[39m
[2026-06-30 01:45:39:4539] [[35mhttp[39m]: [35mGET /api/ocr/2a27329e-b544-4128-a5f3-c46d739728a8[39m
[2026-06-30 01:45:39:4539] [[32minfo[39m]: [32mFetching OCR document: 2a27329e-b544-4128-a5f3-c46d739728a8[39m
[2026-06-30 01:46:29:4629] [[35mhttp[39m]: [35mPOST /api/purchases[39m
[2026-06-30 01:46:29:4629] [[32minfo[39m]: [32mCreating purchase entry requested by user: 54e93af8-a155-4452-819d-3c1e7150fdd3[39m
[2026-06-30 01:46:29:4629] [[31merror[39m]: [31mFailed to create purchase: [39m
[31mInvalid `tx.purchase.create()` invocation in[39m
[31mC:\Users\nit05\OneDrive\Desktop\startup_idea\BrassFlow AI\backend\src\repositories\purchase.repository.ts:154:42[39m

[31m  151 const roundOff = grandTotalRounded - rawGrandTotal;[39m
[31m  152 [39m
[31m  153 // 7. Save Purchase Entry[39m
[31m→ 154 const purchase = await tx.purchase.create({[39m
[31m        data: {[39m
[31m          purchaseNumber: "PUR-2026-00001",[39m
[31m          purchaseDate: "2026-06-28",[39m
[31m                        ~~~~~~~~~~~~[39m
[31m          dueDate: "2026-07-14",[39m
[31m          supplierId: "009fd295-e2aa-4218-9967-f53eb779464e",[39m
[31m          status: "PENDING",[39m
[31m          subtotal: 630000,[39m
[31m          discountAmount: 0,[39m
[31m          cgst: 0,[39m
[31m          sgst: 0,[39m
[31m          igst: 113400,[39m
[31m          roundOff: 0,[39m
[31m          grandTotal: 743400,[39m
[31m          originalInvoiceNo: "SMS-2026-049",[39m
[31m          invoiceUrl: undefined,[39m
[31m          ocrDocumentId: "2a27329e-b544-4128-a5f3-c46d739728a8",[39m
[31m          notes: "",[39m
[31m          createdById: "54e93af8-a155-4452-819d-3c1e7150fdd3",[39m
[31m          items: {[39m
[31m            create: [[39m
[31m              {[39m
[31m                productId: "891020e2-8a7e-49ec-92bc-61d5a4cda4cb",[39m
[31m                quantity: 1500,[39m
[31m                unitPrice: 420,[39m
[31m                discountPercentage: 0,[39m
[31m                discountAmount: 0,[39m
[31m                taxableAmount: 630000,[39m
[31m                gstRate: 18,[39m
[31m                cgst: 0,[39m
[31m                sgst: 0,[39m
[31m                igst: 113400,[39m
[31m                totalAmount: 743400[39m
[31m              }[39m
[31m            ][39m
[31m          }[39m
[31m        }[39m
[31m      })[39m

[31mInvalid value for argument `purchaseDate`: premature end of input. Expected ISO-8601 DateTime.[39m
[2026-06-30 01:46:37:4637] [[35mhttp[39m]: [35mGET /api/customers[39m
[2026-06-30 01:46:37:4637] [[32minfo[39m]: [32mFetching all customers[39m
[2026-06-30 01:46:44:4644] [[35mhttp[39m]: [35mGET /api/suppliers[39m
[2026-06-30 01:46:44:4644] [[32minfo[39m]: [32mFetching all suppliers[39m
[2026-06-30 01:46:46:4646] [[35mhttp[39m]: [35mGET /api/analytics/dashboard[39m
[2026-06-30 01:46:46:4646] [[32minfo[39m]: [32mAggregating dashboard KPIs and report analytics[39m
[2026-06-30 01:47:05:475] [[35mhttp[39m]: [35mGET /api/purchases[39m
[2026-06-30 01:47:05:475] [[32minfo[39m]: [32mFetching all purchases[39m
[2026-06-30 01:47:05:475] [[35mhttp[39m]: [35mGET /api/suppliers[39m
[2026-06-30 01:47:05:475] [[32minfo[39m]: [32mFetching all suppliers[39m
[2026-06-30 01:47:05:475] [[35mhttp[39m]: [35mGET /api/products[39m
[2026-06-30 01:47:05:475] [[32minfo[39m]: [32mFetching all products[39m
[2026-06-30 01:47:13:4713] [[35mhttp[39m]: [35mPOST /api/ocr/upload[39m
[2026-06-30 01:47:13:4713] [[32minfo[39m]: [32mReceived file upload: Saraswati_Metal_Scrap_Invoice.pdf of type PURCHASE_BILL[39m
[2026-06-30 01:47:13:4713] [[32minfo[39m]: [32mStarting asynchronous AI OCR process for document: 9e23286f-c0a7-49ae-bb7f-b917321d5f20[39m
[2026-06-30 01:47:14:4714] [[35mhttp[39m]: [35mGET /api/ocr/9e23286f-c0a7-49ae-bb7f-b917321d5f20[39m
[2026-06-30 01:47:14:4714] [[32minfo[39m]: [32mFetching OCR document: 9e23286f-c0a7-49ae-bb7f-b917321d5f20[39m
[2026-06-30 01:47:15:4715] [[35mhttp[39m]: [35mGET /api/ocr/9e23286f-c0a7-49ae-bb7f-b917321d5f20[39m
[2026-06-30 01:47:15:4715] [[32minfo[39m]: [32mFetching OCR document: 9e23286f-c0a7-49ae-bb7f-b917321d5f20[39m
[2026-06-30 01:47:15:4715] [[32minfo[39m]: [32mOCR processing finished successfully for: 9e23286f-c0a7-49ae-bb7f-b917321d5f20[39m
[2026-06-30 01:47:16:4716] [[35mhttp[39m]: [35mGET /api/ocr/9e23286f-c0a7-49ae-bb7f-b917321d5f20[39m
[2026-06-30 01:47:16:4716] [[32minfo[39m]: [32mFetching OCR document: 9e23286f-c0a7-49ae-bb7f-b917321d5f20[39m
[2026-06-30 01:47:28:4728] [[35mhttp[39m]: [35mGET /api/products[39m
[2026-06-30 01:47:28:4728] [[32minfo[39m]: [32mFetching all products[39m
[2026-06-30 01:47:30:4730] [[35mhttp[39m]: [35mGET /api/invoices[39m
[2026-06-30 01:47:30:4730] [[32minfo[39m]: [32mFetching all invoices[39m
[2026-06-30 01:47:30:4730] [[35mhttp[39m]: [35mGET /api/customers[39m
[2026-06-30 01:47:30:4730] [[32minfo[39m]: [32mFetching all customers[39m
[2026-06-30 01:47:30:4730] [[35mhttp[39m]: [35mGET /api/products[39m
[2026-06-30 01:47:30:4730] [[32minfo[39m]: [32mFetching all products[39m
[2026-06-30 01:47:32:4732] [[35mhttp[39m]: [35mGET /api/ocr[39m
[2026-06-30 01:47:32:4732] [[32minfo[39m]: [32mFetching all OCR documents[39m
[2026-06-30 01:47:37:4737] [[35mhttp[39m]: [35mGET /api/reminders[39m
[2026-06-30 01:47:37:4737] [[32minfo[39m]: [32mFetching all payment reminders[39m
[2026-06-30 01:47:37:4737] [[35mhttp[39m]: [35mGET /api/reminders/logs[39m
[2026-06-30 01:47:37:4737] [[32minfo[39m]: [32mFetching payment reminder execution audit trail[39m
[2026-06-30 01:47:37:4737] [[35mhttp[39m]: [35mGET /api/invoices[39m
[2026-06-30 01:47:37:4737] [[32minfo[39m]: [32mFetching all invoices[39m
[2026-06-30 01:47:48:4748] [[35mhttp[39m]: [35mGET /api/invoices[39m
[2026-06-30 01:47:48:4748] [[32minfo[39m]: [32mFetching all invoices[39m
[2026-06-30 01:47:48:4748] [[35mhttp[39m]: [35mGET /api/customers[39m
[2026-06-30 01:47:48:4748] [[32minfo[39m]: [32mFetching all customers[39m
[2026-06-30 01:47:48:4748] [[35mhttp[39m]: [35mGET /api/products[39m
[2026-06-30 01:47:48:4748] [[32minfo[39m]: [32mFetching all products[39m
[2026-06-30 01:48:20:4820] [[35mhttp[39m]: [35mPOST /api/invoices[39m
[2026-06-30 01:48:20:4820] [[32minfo[39m]: [32mCreating invoice requested by user: 54e93af8-a155-4452-819d-3c1e7150fdd3[39m
[2026-06-30 01:48:20:4820] [[31merror[39m]: [31mFailed to create invoice: Insufficient stock for product 16mm Hexagonal Brass Rod (Grade II). Available: 1200, Required: 3333[39m
[2026-06-30 01:48:39:4839] [[35mhttp[39m]: [35mPOST /api/invoices[39m
[2026-06-30 01:48:39:4839] [[32minfo[39m]: [32mCreating invoice requested by user: 54e93af8-a155-4452-819d-3c1e7150fdd3[39m
[2026-06-30 01:48:39:4839] [[31merror[39m]: [31mFailed to create invoice: data.invoiceDate.toISOString is not a function[39m
[2026-06-30 01:48:51:4851] [[35mhttp[39m]: [35mPOST /api/invoices[39m
[2026-06-30 01:48:51:4851] [[32minfo[39m]: [32mCreating invoice requested by user: 54e93af8-a155-4452-819d-3c1e7150fdd3[39m
[2026-06-30 01:48:51:4851] [[31merror[39m]: [31mFailed to create invoice: data.invoiceDate.toISOString is not a function[39m
[2026-06-30 01:48:55:4855] [[35mhttp[39m]: [35mGET /api/customers[39m
[2026-06-30 01:48:55:4855] [[32minfo[39m]: [32mFetching all customers[39m
[2026-06-30 01:50:00:500] [[35mhttp[39m]: [35mGET /api/invoices[39m
[2026-06-30 01:50:00:500] [[32minfo[39m]: [32mFetching all invoices[39m
[2026-06-30 01:50:00:500] [[35mhttp[39m]: [35mGET /api/customers[39m
[2026-06-30 01:50:00:500] [[32minfo[39m]: [32mFetching all customers[39m
[2026-06-30 01:50:00:500] [[35mhttp[39m]: [35mGET /api/products[39m
[2026-06-30 01:50:00:500] [[32minfo[39m]: [32mFetching all products[39m
[2026-06-30 01:50:23:5023] [[35mhttp[39m]: [35mGET /api/analytics/dashboard[39m
[2026-06-30 01:50:23:5023] [[32minfo[39m]: [32mAggregating dashboard KPIs and report analytics[39m
[2026-06-30 01:50:29:5029] [[35mhttp[39m]: [35mGET /api/reminders[39m
[2026-06-30 01:50:29:5029] [[32minfo[39m]: [32mFetching all payment reminders[39m
[2026-06-30 01:50:29:5029] [[35mhttp[39m]: [35mGET /api/reminders/logs[39m
[2026-06-30 01:50:29:5029] [[32minfo[39m]: [32mFetching payment reminder execution audit trail[39m
[2026-06-30 01:50:29:5029] [[35mhttp[39m]: [35mGET /api/invoices[39m
[2026-06-30 01:50:29:5029] [[32minfo[39m]: [32mFetching all invoices[39m
[2026-06-30 01:53:00:530] [[35mhttp[39m]: [35mGET /api/analytics/dashboard[39m
[2026-06-30 01:53:00:530] [[32minfo[39m]: [32mAggregating dashboard KPIs and report analytics[39m
[2026-06-30 01:53:06:536] [[35mhttp[39m]: [35mGET /api/reminders[39m
[2026-06-30 01:53:06:536] [[32minfo[39m]: [32mFetching all payment reminders[39m
[2026-06-30 01:53:06:536] [[35mhttp[39m]: [35mGET /api/reminders/logs[39m
[2026-06-30 01:53:06:536] [[32minfo[39m]: [32mFetching payment reminder execution audit trail[39m
[2026-06-30 01:53:06:536] [[35mhttp[39m]: [35mGET /api/invoices[39m
[2026-06-30 01:53:06:536] [[32minfo[39m]: [32mFetching all invoices[39m
[2026-06-30 01:53:08:538] [[35mhttp[39m]: [35mGET /api/analytics/dashboard[39m
[2026-06-30 01:53:08:538] [[32minfo[39m]: [32mAggregating dashboard KPIs and report analytics[39m
[2026-06-30 01:58:15:5815] [[35mhttp[39m]: [35mGET /api/reminders[39m
[2026-06-30 01:58:15:5815] [[32minfo[39m]: [32mFetching all payment reminders[39m
[2026-06-30 01:58:15:5815] [[35mhttp[39m]: [35mGET /api/reminders/logs[39m
[2026-06-30 01:58:15:5815] [[32minfo[39m]: [32mFetching payment reminder execution audit trail[39m
[2026-06-30 01:58:15:5815] [[35mhttp[39m]: [35mGET /api/invoices[39m
[2026-06-30 01:58:15:5815] [[32minfo[39m]: [32mFetching all invoices[39m
[2026-06-30 01:58:27:5827] [[35mhttp[39m]: [35mGET /api/analytics/dashboard[39m
[2026-06-30 01:58:27:5827] [[32minfo[39m]: [32mAggregating dashboard KPIs and report analytics[39m
[2026-06-30 01:58:27:5827] [[35mhttp[39m]: [35mGET /api/reminders[39m
[2026-06-30 01:58:27:5827] [[32minfo[39m]: [32mFetching all payment reminders[39m
[2026-06-30 01:58:30:5830] [[35mhttp[39m]: [35mGET /api/customers[39m
[2026-06-30 01:58:30:5830] [[32minfo[39m]: [32mFetching all customers[39m
[2026-06-30 01:58:31:5831] [[35mhttp[39m]: [35mGET /api/purchases[39m
[2026-06-30 01:58:31:5831] [[32minfo[39m]: [32mFetching all purchases[39m
[2026-06-30 01:58:31:5831] [[35mhttp[39m]: [35mGET /api/suppliers[39m
[2026-06-30 01:58:31:5831] [[32minfo[39m]: [32mFetching all suppliers[39m
[2026-06-30 01:58:32:5832] [[35mhttp[39m]: [35mGET /api/products[39m
[2026-06-30 01:58:32:5832] [[32minfo[39m]: [32mFetching all products[39m
[2026-06-30 01:58:39:5839] [[35mhttp[39m]: [35mGET /api/products[39m
[2026-06-30 01:58:39:5839] [[32minfo[39m]: [32mFetching all products[39m
[2026-06-30 01:58:48:5848] [[35mhttp[39m]: [35mGET /api/invoices[39m
[2026-06-30 01:58:48:5848] [[32minfo[39m]: [32mFetching all invoices[39m
[2026-06-30 01:58:48:5848] [[35mhttp[39m]: [35mGET /api/customers[39m
[2026-06-30 01:58:48:5848] [[32minfo[39m]: [32mFetching all customers[39m
[2026-06-30 01:58:48:5848] [[35mhttp[39m]: [35mGET /api/products[39m
[2026-06-30 01:58:48:5848] [[32minfo[39m]: [32mFetching all products[39m
[2026-06-30 01:58:48:5848] [[35mhttp[39m]: [35mGET /api/reminders[39m
[2026-06-30 01:58:48:5848] [[32minfo[39m]: [32mFetching all payment reminders[39m
[2026-06-30 01:58:48:5848] [[35mhttp[39m]: [35mGET /api/reminders/logs[39m
[2026-06-30 01:58:48:5848] [[32minfo[39m]: [32mFetching payment reminder execution audit trail[39m
[2026-06-30 01:58:58:5858] [[35mhttp[39m]: [35mGET /api/analytics/dashboard[39m
[2026-06-30 01:58:58:5858] [[32minfo[39m]: [32mAggregating dashboard KPIs and report analytics[39m
[2026-06-30 01:59:00:590] [[35mhttp[39m]: [35mGET /api/invoices[39m
[2026-06-30 01:59:00:590] [[32minfo[39m]: [32mFetching all invoices[39m
[2026-06-30 01:59:00:590] [[35mhttp[39m]: [35mGET /api/customers[39m
[2026-06-30 01:59:00:590] [[32minfo[39m]: [32mFetching all customers[39m
[2026-06-30 01:59:00:590] [[35mhttp[39m]: [35mGET /api/products[39m
[2026-06-30 01:59:00:590] [[32minfo[39m]: [32mFetching all products[39m
[2026-06-30 01:59:00:590] [[35mhttp[39m]: [35mGET /api/reminders[39m
[2026-06-30 01:59:00:590] [[32minfo[39m]: [32mFetching all payment reminders[39m
[2026-06-30 01:59:00:590] [[35mhttp[39m]: [35mGET /api/reminders/logs[39m
[2026-06-30 01:59:00:590] [[32minfo[39m]: [32mFetching payment reminder execution audit trail[39m
[2026-06-30 01:59:33:5933] [[35mhttp[39m]: [35mPOST /api/invoices[39m
[2026-06-30 01:59:33:5933] [[32minfo[39m]: [32mCreating invoice requested by user: 54e93af8-a155-4452-819d-3c1e7150fdd3[39m
[2026-06-30 01:59:33:5933] [[31merror[39m]: [31mFailed to create invoice: data.invoiceDate.toISOString is not a function[39m
[2026-06-30 01:59:38:5938] [[35mhttp[39m]: [35mGET /api/customers[39m
[2026-06-30 01:59:38:5938] [[32minfo[39m]: [32mFetching all customers[39m
[2026-06-30 02:00:08:08] [[35mhttp[39m]: [35mGET /api/analytics/dashboard[39m
[2026-06-30 02:00:08:08] [[32minfo[39m]: [32mAggregating dashboard KPIs and report analytics[39m
[2026-06-30 02:00:09:09] [[35mhttp[39m]: [35mGET /api/reminders[39m
[2026-06-30 02:00:09:09] [[32minfo[39m]: [32mFetching all payment reminders[39m
[2026-06-30 02:00:22:022] [[35mhttp[39m]: [35mGET /api/invoices[39m
[2026-06-30 02:00:22:022] [[32minfo[39m]: [32mFetching all invoices[39m
[2026-06-30 02:00:22:022] [[35mhttp[39m]: [35mGET /api/customers[39m
[2026-06-30 02:00:22:022] [[32minfo[39m]: [32mFetching all customers[39m
[2026-06-30 02:00:22:022] [[35mhttp[39m]: [35mGET /api/products[39m
[2026-06-30 02:00:22:022] [[32minfo[39m]: [32mFetching all products[39m
[2026-06-30 02:00:22:022] [[35mhttp[39m]: [35mGET /api/reminders[39m
[2026-06-30 02:00:22:022] [[32minfo[39m]: [32mFetching all payment reminders[39m
[2026-06-30 02:00:22:022] [[35mhttp[39m]: [35mGET /api/reminders/logs[39m
[2026-06-30 02:00:22:022] [[32minfo[39m]: [32mFetching payment reminder execution audit trail[39m
[2026-06-30 02:00:23:023] [[35mhttp[39m]: [35mGET /api/analytics/dashboard[39m
[2026-06-30 02:00:23:023] [[32minfo[39m]: [32mAggregating dashboard KPIs and report analytics[39m
[2026-06-30 02:00:23:023] [[35mhttp[39m]: [35mGET /api/reminders[39m
[2026-06-30 02:00:23:023] [[32minfo[39m]: [32mFetching all payment reminders[39m
[2026-06-30 02:00:26:026] [[35mhttp[39m]: [35mGET /api/analytics/dashboard[39m
[2026-06-30 02:00:26:026] [[32minfo[39m]: [32mAggregating dashboard KPIs and report analytics[39m
[2026-06-30 02:00:26:026] [[35mhttp[39m]: [35mGET /api/invoices[39m
[2026-06-30 02:00:26:026] [[32minfo[39m]: [32mFetching all invoices[39m
[2026-06-30 02:00:26:026] [[35mhttp[39m]: [35mGET /api/customers[39m
[2026-06-30 02:00:26:026] [[32minfo[39m]: [32mFetching all customers[39m
[2026-06-30 02:00:26:026] [[35mhttp[39m]: [35mGET /api/products[39m
[2026-06-30 02:00:26:026] [[32minfo[39m]: [32mFetching all products[39m
[2026-06-30 02:00:26:026] [[35mhttp[39m]: [35mGET /api/reminders[39m
[2026-06-30 02:00:26:026] [[32minfo[39m]: [32mFetching all payment reminders[39m
[2026-06-30 02:00:27:027] [[35mhttp[39m]: [35mGET /api/reminders/logs[39m
[2026-06-30 02:00:27:027] [[32minfo[39m]: [32mFetching payment reminder execution audit trail[39m
[2026-06-30 02:01:00:10] [[35mhttp[39m]: [35mPOST /api/invoices[39m
[2026-06-30 02:01:00:10] [[32minfo[39m]: [32mCreating invoice requested by user: 54e93af8-a155-4452-819d-3c1e7150fdd3[39m
[2026-06-30 02:01:00:10] [[31merror[39m]: [31mFailed to create invoice: data.invoiceDate.toISOString is not a function[39m
[2026-06-30 02:01:26:126] [[35mhttp[39m]: [35mGET /api/analytics/dashboard[39m
[2026-06-30 02:01:26:126] [[32minfo[39m]: [32mAggregating dashboard KPIs and report analytics[39m
[2026-06-30 02:01:43:143] [[35mhttp[39m]: [35mGET /api/invoices[39m
[2026-06-30 02:01:43:143] [[32minfo[39m]: [32mFetching all invoices[39m
[2026-06-30 02:01:43:143] [[35mhttp[39m]: [35mGET /api/customers[39m
[2026-06-30 02:01:43:143] [[32minfo[39m]: [32mFetching all customers[39m
[2026-06-30 02:01:43:143] [[35mhttp[39m]: [35mGET /api/products[39m
[2026-06-30 02:01:43:143] [[32minfo[39m]: [32mFetching all products[39m
[2026-06-30 02:01:43:143] [[35mhttp[39m]: [35mGET /api/reminders[39m
[2026-06-30 02:01:43:143] [[32minfo[39m]: [32mFetching all payment reminders[39m
[2026-06-30 02:01:43:143] [[35mhttp[39m]: [35mGET /api/reminders/logs[39m
[2026-06-30 02:01:43:143] [[32minfo[39m]: [32mFetching payment reminder execution audit trail[39m
[2026-06-30 02:01:52:152] [[35mhttp[39m]: [35mGET /api/customers[39m
[2026-06-30 02:01:52:152] [[32minfo[39m]: [32mFetching all customers[39m
[2026-06-30 02:01:56:156] [[35mhttp[39m]: [35mGET /api/suppliers[39m
[2026-06-30 02:01:56:156] [[32minfo[39m]: [32mFetching all suppliers[39m
[2026-06-30 02:02:00:20] [[35mhttp[39m]: [35mGET /api/customers[39m
[2026-06-30 02:02:00:20] [[32minfo[39m]: [32mFetching all customers[39m
[2026-06-30 02:02:03:23] [[35mhttp[39m]: [35mGET /api/suppliers[39m
[2026-06-30 02:02:03:23] [[32minfo[39m]: [32mFetching all suppliers[39m
[2026-06-30 02:02:12:212] [[35mhttp[39m]: [35mGET /api/products[39m
[2026-06-30 02:02:12:212] [[32minfo[39m]: [32mFetching all products[39m
[2026-06-30 02:02:13:213] [[35mhttp[39m]: [35mGET /api/purchases[39m
[2026-06-30 02:02:13:213] [[32minfo[39m]: [32mFetching all purchases[39m
[2026-06-30 02:02:13:213] [[35mhttp[39m]: [35mGET /api/suppliers[39m
[2026-06-30 02:02:13:213] [[32minfo[39m]: [32mFetching all suppliers[39m
[2026-06-30 02:02:13:213] [[35mhttp[39m]: [35mGET /api/products[39m
[2026-06-30 02:02:13:213] [[32minfo[39m]: [32mFetching all products[39m
[2026-06-30 02:02:22:222] [[35mhttp[39m]: [35mGET /api/suppliers[39m
[2026-06-30 02:02:22:222] [[32minfo[39m]: [32mFetching all suppliers[39m
[2026-06-30 02:02:28:228] [[35mhttp[39m]: [35mGET /api/customers[39m
[2026-06-30 02:02:28:228] [[32minfo[39m]: [32mFetching all customers[39m
[2026-06-30 02:02:30:230] [[35mhttp[39m]: [35mGET /api/suppliers[39m
[2026-06-30 02:02:30:230] [[32minfo[39m]: [32mFetching all suppliers[39m
[2026-06-30 02:03:37:337] [[35mhttp[39m]: [35mGET /api/purchases[39m
[2026-06-30 02:03:37:337] [[32minfo[39m]: [32mFetching all purchases[39m
[2026-06-30 02:03:37:337] [[35mhttp[39m]: [35mGET /api/suppliers[39m
[2026-06-30 02:03:37:337] [[32minfo[39m]: [32mFetching all suppliers[39m
[2026-06-30 02:03:37:337] [[35mhttp[39m]: [35mGET /api/products[39m
[2026-06-30 02:03:37:337] [[32minfo[39m]: [32mFetching all products[39m
[2026-06-30 02:04:05:45] [[35mhttp[39m]: [35mGET /api/analytics/dashboard[39m
[2026-06-30 02:04:05:45] [[32minfo[39m]: [32mAggregating dashboard KPIs and report analytics[39m
[2026-06-30 02:04:38:438] [[35mhttp[39m]: [35mGET /api/analytics/dashboard[39m
[2026-06-30 02:04:38:438] [[32minfo[39m]: [32mAggregating dashboard KPIs and report analytics[39m
[2026-06-30 02:04:38:438] [[35mhttp[39m]: [35mGET /api/reminders[39m
[2026-06-30 02:04:38:438] [[32minfo[39m]: [32mFetching all payment reminders[39m
[2026-06-30 02:04:44:444] [[35mhttp[39m]: [35mGET /api/suppliers[39m
[2026-06-30 02:04:44:444] [[32minfo[39m]: [32mFetching all suppliers[39m
[2026-06-30 02:04:58:458] [[35mhttp[39m]: [35mGET /api/customers[39m
[2026-06-30 02:04:58:458] [[32minfo[39m]: [32mFetching all customers[39m
[2026-06-30 02:04:59:459] [[35mhttp[39m]: [35mGET /api/analytics/dashboard[39m
[2026-06-30 02:04:59:459] [[32minfo[39m]: [32mAggregating dashboard KPIs and report analytics[39m
[2026-06-30 02:04:59:459] [[35mhttp[39m]: [35mGET /api/reminders[39m
[2026-06-30 02:04:59:459] [[32minfo[39m]: [32mFetching all payment reminders[39m
[2026-06-30 02:05:12:512] [[35mhttp[39m]: [35mGET /api/suppliers[39m
[2026-06-30 02:05:12:512] [[32minfo[39m]: [32mFetching all suppliers[39m
[2026-06-30 02:05:14:514] [[35mhttp[39m]: [35mGET /api/purchases[39m
[2026-06-30 02:05:14:514] [[32minfo[39m]: [32mFetching all purchases[39m
[2026-06-30 02:05:14:514] [[35mhttp[39m]: [35mGET /api/suppliers[39m
[2026-06-30 02:05:14:514] [[32minfo[39m]: [32mFetching all suppliers[39m
[2026-06-30 02:05:14:514] [[35mhttp[39m]: [35mGET /api/products[39m
[2026-06-30 02:05:14:514] [[32minfo[39m]: [32mFetching all products[39m
[2026-06-30 02:05:15:515] [[35mhttp[39m]: [35mGET /api/products[39m
[2026-06-30 02:05:15:515] [[32minfo[39m]: [32mFetching all products[39m
[2026-06-30 02:05:16:516] [[35mhttp[39m]: [35mGET /api/analytics/dashboard[39m
[2026-06-30 02:05:16:516] [[32minfo[39m]: [32mAggregating dashboard KPIs and report analytics[39m
[2026-06-30 02:05:41:541] [[35mhttp[39m]: [35mGET /api/customers[39m
[2026-06-30 02:05:41:541] [[32minfo[39m]: [32mFetching all customers[39m
[2026-06-30 02:05:42:542] [[35mhttp[39m]: [35mGET /api/suppliers[39m
[2026-06-30 02:05:42:542] [[32minfo[39m]: [32mFetching all suppliers[39m
[2026-06-30 02:06:33:633] [[32minfo[39m]: [32m=================================[39m
[2026-06-30 02:06:33:633] [[32minfo[39m]: [32m  Server running on port 5000[39m
[2026-06-30 02:06:33:633] [[32minfo[39m]: [32m  Environment: development[39m
[2026-06-30 02:06:33:633] [[32minfo[39m]: [32m  Health check: http://localhost:5000/api/health[39m
[2026-06-30 02:06:33:633] [[32minfo[39m]: [32m=================================[39m
[2026-06-30 02:06:41:641] [[32minfo[39m]: [32m=================================[39m
[2026-06-30 02:06:41:641] [[32minfo[39m]: [32m  Server running on port 5000[39m
[2026-06-30 02:06:41:641] [[32minfo[39m]: [32m  Environment: development[39m
[2026-06-30 02:06:41:641] [[32minfo[39m]: [32m  Health check: http://localhost:5000/api/health[39m
[2026-06-30 02:06:41:641] [[32minfo[39m]: [32m=================================[39m
[2026-06-30 02:07:13:713] [[35mhttp[39m]: [35mGET /api/invoices[39m
[2026-06-30 02:07:13:713] [[32minfo[39m]: [32mFetching all invoices[39m
[2026-06-30 02:07:13:713] [[35mhttp[39m]: [35mGET /api/customers[39m
[2026-06-30 02:07:13:713] [[32minfo[39m]: [32mFetching all customers[39m
[2026-06-30 02:07:13:713] [[35mhttp[39m]: [35mGET /api/products[39m
[2026-06-30 02:07:13:713] [[32minfo[39m]: [32mFetching all products[39m
[2026-06-30 02:07:13:713] [[35mhttp[39m]: [35mGET /api/reminders[39m
[2026-06-30 02:07:13:713] [[32minfo[39m]: [32mFetching all payment reminders[39m
[2026-06-30 02:07:13:713] [[35mhttp[39m]: [35mGET /api/reminders/logs[39m
[2026-06-30 02:07:13:713] [[32minfo[39m]: [32mFetching payment reminder execution audit trail[39m
[2026-06-30 02:07:13:713] [[35mhttp[39m]: [35mGET /api/analytics/dashboard[39m
[2026-06-30 02:07:13:713] [[32minfo[39m]: [32mAggregating dashboard KPIs and report analytics[39m
[2026-06-30 02:07:14:714] [[35mhttp[39m]: [35mGET /api/invoices[39m
[2026-06-30 02:07:14:714] [[32minfo[39m]: [32mFetching all invoices[39m
[2026-06-30 02:07:14:714] [[35mhttp[39m]: [35mGET /api/customers[39m
[2026-06-30 02:07:14:714] [[32minfo[39m]: [32mFetching all customers[39m
[2026-06-30 02:07:15:715] [[35mhttp[39m]: [35mGET /api/products[39m
[2026-06-30 02:07:15:715] [[32minfo[39m]: [32mFetching all products[39m
[2026-06-30 02:07:15:715] [[35mhttp[39m]: [35mGET /api/reminders[39m
[2026-06-30 02:07:15:715] [[32minfo[39m]: [32mFetching all payment reminders[39m
[2026-06-30 02:07:15:715] [[35mhttp[39m]: [35mGET /api/reminders/logs[39m
[2026-06-30 02:07:15:715] [[32minfo[39m]: [32mFetching payment reminder execution audit trail[39m
[2026-06-30 02:07:28:728] [[35mhttp[39m]: [35mGET /api/analytics/dashboard[39m
[2026-06-30 02:07:28:728] [[32minfo[39m]: [32mAggregating dashboard KPIs and report analytics[39m
[2026-06-30 02:07:28:728] [[35mhttp[39m]: [35mGET /api/reminders[39m
[2026-06-30 02:07:28:728] [[32minfo[39m]: [32mFetching all payment reminders[39m
[2026-06-30 02:10:50:1050] [[35mhttp[39m]: [35mGET /api/suppliers[39m
[2026-06-30 02:10:50:1050] [[32minfo[39m]: [32mFetching all suppliers[39m
[2026-06-30 02:10:51:1051] [[35mhttp[39m]: [35mGET /api/analytics/dashboard[39m
[2026-06-30 02:10:51:1051] [[32minfo[39m]: [32mAggregating dashboard KPIs and report analytics[39m
[2026-06-30 02:10:51:1051] [[35mhttp[39m]: [35mGET /api/reminders[39m
[2026-06-30 02:10:51:1051] [[32minfo[39m]: [32mFetching all payment reminders[39m
[2026-06-30 02:10:52:1052] [[35mhttp[39m]: [35mGET /api/suppliers[39m
[2026-06-30 02:10:52:1052] [[32minfo[39m]: [32mFetching all suppliers[39m
[2026-06-30 02:10:53:1053] [[35mhttp[39m]: [35mGET /api/products[39m
[2026-06-30 02:10:53:1053] [[32minfo[39m]: [32mFetching all products[39m
[2026-06-30 02:10:54:1054] [[35mhttp[39m]: [35mGET /api/analytics/dashboard[39m
[2026-06-30 02:10:54:1054] [[32minfo[39m]: [32mAggregating dashboard KPIs and report analytics[39m
[2026-06-30 02:10:56:1056] [[35mhttp[39m]: [35mGET /api/analytics/dashboard[39m
[2026-06-30 02:10:56:1056] [[32minfo[39m]: [32mAggregating dashboard KPIs and report analytics[39m
[2026-06-30 02:10:56:1056] [[35mhttp[39m]: [35mGET /api/reminders[39m
[2026-06-30 02:10:56:1056] [[32minfo[39m]: [32mFetching all payment reminders[39m
[2026-06-30 02:12:35:1235] [[35mhttp[39m]: [35mGET /api/invoices[39m
[2026-06-30 02:12:35:1235] [[32minfo[39m]: [32mFetching all invoices[39m
[2026-06-30 02:12:35:1235] [[35mhttp[39m]: [35mGET /api/customers[39m
[2026-06-30 02:12:35:1235] [[32minfo[39m]: [32mFetching all customers[39m
[2026-06-30 02:12:35:1235] [[35mhttp[39m]: [35mGET /api/products[39m
[2026-06-30 02:12:35:1235] [[32minfo[39m]: [32mFetching all products[39m
[2026-06-30 02:12:35:1235] [[35mhttp[39m]: [35mGET /api/reminders[39m
[2026-06-30 02:12:35:1235] [[32minfo[39m]: [32mFetching all payment reminders[39m
[2026-06-30 02:12:35:1235] [[35mhttp[39m]: [35mGET /api/reminders/logs[39m
[2026-06-30 02:12:35:1235] [[32minfo[39m]: [32mFetching payment reminder execution audit trail[39m
[2026-06-30 02:12:42:1242] [[35mhttp[39m]: [35mGET /api/purchases[39m
[2026-06-30 02:12:42:1242] [[32minfo[39m]: [32mFetching all purchases[39m
[2026-06-30 02:12:42:1242] [[35mhttp[39m]: [35mGET /api/suppliers[39m
[2026-06-30 02:12:42:1242] [[32minfo[39m]: [32mFetching all suppliers[39m
[2026-06-30 02:12:42:1242] [[35mhttp[39m]: [35mGET /api/products[39m
[2026-06-30 02:12:42:1242] [[32minfo[39m]: [32mFetching all products[39m
[2026-06-30 02:12:49:1249] [[35mhttp[39m]: [35mGET /api/customers[39m
[2026-06-30 02:12:49:1249] [[32minfo[39m]: [32mFetching all customers[39m
[2026-06-30 02:12:58:1258] [[35mhttp[39m]: [35mGET /api/analytics/dashboard[39m
[2026-06-30 02:12:58:1258] [[32minfo[39m]: [32mAggregating dashboard KPIs and report analytics[39m
[2026-06-30 02:12:58:1258] [[35mhttp[39m]: [35mGET /api/reminders[39m
[2026-06-30 02:12:58:1258] [[32minfo[39m]: [32mFetching all payment reminders[39m
[2026-06-30 02:13:02:132] [[35mhttp[39m]: [35mGET /api/analytics/dashboard[39m
[2026-06-30 02:13:02:132] [[32minfo[39m]: [32mAggregating dashboard KPIs and report analytics[39m
[2026-06-30 02:13:02:132] [[35mhttp[39m]: [35mGET /api/reminders[39m
[2026-06-30 02:13:02:132] [[32minfo[39m]: [32mFetching all payment reminders[39m
[2026-06-30 02:13:13:1313] [[35mhttp[39m]: [35mGET /api/products[39m
[2026-06-30 02:13:13:1313] [[32minfo[39m]: [32mFetching all products[39m
[2026-06-30 02:13:16:1316] [[35mhttp[39m]: [35mGET /api/analytics/dashboard[39m
[2026-06-30 02:13:16:1316] [[32minfo[39m]: [32mAggregating dashboard KPIs and report analytics[39m
[2026-06-30 02:13:16:1316] [[35mhttp[39m]: [35mGET /api/reminders[39m
[2026-06-30 02:13:16:1316] [[32minfo[39m]: [32mFetching all payment reminders[39m
[2026-06-30 02:13:17:1317] [[35mhttp[39m]: [35mGET /api/customers[39m
[2026-06-30 02:13:17:1317] [[32minfo[39m]: [32mFetching all customers[39m
[2026-06-30 02:13:23:1323] [[35mhttp[39m]: [35mGET /api/suppliers[39m
[2026-06-30 02:13:23:1323] [[32minfo[39m]: [32mFetching all suppliers[39m
[2026-06-30 02:13:32:1332] [[35mhttp[39m]: [35mGET /api/purchases[39m
[2026-06-30 02:13:32:1332] [[32minfo[39m]: [32mFetching all purchases[39m
[2026-06-30 02:13:32:1332] [[35mhttp[39m]: [35mGET /api/suppliers[39m
[2026-06-30 02:13:32:1332] [[32minfo[39m]: [32mFetching all suppliers[39m
[2026-06-30 02:13:32:1332] [[35mhttp[39m]: [35mGET /api/products[39m
[2026-06-30 02:13:33:1333] [[32minfo[39m]: [32mFetching all products[39m
[2026-06-30 02:13:35:1335] [[35mhttp[39m]: [35mGET /api/invoices[39m
[2026-06-30 02:13:35:1335] [[32minfo[39m]: [32mFetching all invoices[39m
[2026-06-30 02:13:35:1335] [[35mhttp[39m]: [35mGET /api/customers[39m
[2026-06-30 02:13:35:1335] [[32minfo[39m]: [32mFetching all customers[39m
[2026-06-30 02:13:35:1335] [[35mhttp[39m]: [35mGET /api/products[39m
[2026-06-30 02:13:35:1335] [[32minfo[39m]: [32mFetching all products[39m
[2026-06-30 02:13:35:1335] [[35mhttp[39m]: [35mGET /api/reminders[39m
[2026-06-30 02:13:35:1335] [[32minfo[39m]: [32mFetching all payment reminders[39m
[2026-06-30 02:13:35:1335] [[35mhttp[39m]: [35mGET /api/reminders/logs[39m
[2026-06-30 02:13:35:1335] [[32minfo[39m]: [32mFetching payment reminder execution audit trail[39m
[2026-06-30 02:13:36:1336] [[35mhttp[39m]: [35mGET /api/products[39m
[2026-06-30 02:13:36:1336] [[32minfo[39m]: [32mFetching all products[39m
[2026-06-30 02:13:54:1354] [[35mhttp[39m]: [35mGET /api/analytics/dashboard[39m
[2026-06-30 02:13:54:1354] [[32minfo[39m]: [32mAggregating dashboard KPIs and report analytics[39m
[2026-06-30 02:13:54:1354] [[35mhttp[39m]: [35mGET /api/reminders[39m
[2026-06-30 02:13:54:1354] [[32minfo[39m]: [32mFetching all payment reminders[39m
[2026-06-30 02:14:02:142] [[35mhttp[39m]: [35mGET /api/invoices[39m
[2026-06-30 02:14:02:142] [[32minfo[39m]: [32mFetching all invoices[39m
[2026-06-30 02:14:02:142] [[35mhttp[39m]: [35mGET /api/customers[39m
[2026-06-30 02:14:02:142] [[32minfo[39m]: [32mFetching all customers[39m
[2026-06-30 02:14:02:142] [[35mhttp[39m]: [35mGET /api/products[39m
[2026-06-30 02:14:02:142] [[32minfo[39m]: [32mFetching all products[39m
[2026-06-30 02:14:02:142] [[35mhttp[39m]: [35mGET /api/reminders[39m
[2026-06-30 02:14:02:142] [[32minfo[39m]: [32mFetching all payment reminders[39m
[2026-06-30 02:14:02:142] [[35mhttp[39m]: [35mGET /api/reminders/logs[39m
[2026-06-30 02:14:02:142] [[32minfo[39m]: [32mFetching payment reminder execution audit trail[39m
[2026-06-30 02:14:28:1428] [[35mhttp[39m]: [35mPOST /api/invoices[39m
[2026-06-30 02:14:28:1428] [[32minfo[39m]: [32mCreating invoice requested by user: 54e93af8-a155-4452-819d-3c1e7150fdd3[39m
[2026-06-30 02:14:29:1429] [[35mhttp[39m]: [35mGET /api/invoices[39m
[2026-06-30 02:14:29:1429] [[32minfo[39m]: [32mFetching all invoices[39m
[2026-06-30 02:14:29:1429] [[35mhttp[39m]: [35mGET /api/customers[39m
[2026-06-30 02:14:29:1429] [[32minfo[39m]: [32mFetching all customers[39m
[2026-06-30 02:14:29:1429] [[35mhttp[39m]: [35mGET /api/products[39m
[2026-06-30 02:14:29:1429] [[32minfo[39m]: [32mFetching all products[39m
[2026-06-30 02:14:29:1429] [[35mhttp[39m]: [35mGET /api/reminders[39m
[2026-06-30 02:14:29:1429] [[32minfo[39m]: [32mFetching all payment reminders[39m
[2026-06-30 02:14:29:1429] [[35mhttp[39m]: [35mGET /api/reminders/logs[39m
[2026-06-30 02:14:29:1429] [[32minfo[39m]: [32mFetching payment reminder execution audit trail[39m
[2026-06-30 02:15:39:1539] [[35mhttp[39m]: [35mPOST /api/reminders[39m
[2026-06-30 02:15:39:1539] [[32minfo[39m]: [32mCreating payment reminder for invoice: e35493cf-2f9d-4e08-bee5-2fd49e0cd518[39m
[2026-06-30 02:15:39:1539] [[35mhttp[39m]: [35mGET /api/invoices[39m
[2026-06-30 02:15:39:1539] [[32minfo[39m]: [32mFetching all invoices[39m
[2026-06-30 02:15:39:1539] [[35mhttp[39m]: [35mGET /api/customers[39m
[2026-06-30 02:15:39:1539] [[32minfo[39m]: [32mFetching all customers[39m
[2026-06-30 02:15:39:1539] [[35mhttp[39m]: [35mGET /api/products[39m
[2026-06-30 02:15:39:1539] [[32minfo[39m]: [32mFetching all products[39m
[2026-06-30 02:15:39:1539] [[35mhttp[39m]: [35mGET /api/reminders[39m
[2026-06-30 02:15:39:1539] [[32minfo[39m]: [32mFetching all payment reminders[39m
[2026-06-30 02:15:39:1539] [[35mhttp[39m]: [35mGET /api/reminders/logs[39m
[2026-06-30 02:15:39:1539] [[32minfo[39m]: [32mFetching payment reminder execution audit trail[39m
[2026-06-30 02:15:41:1541] [[35mhttp[39m]: [35mPOST /api/reminders/dbdb6c94-2231-4636-9138-6329a397d03c/trigger[39m
[2026-06-30 02:15:41:1541] [[32minfo[39m]: [32mManual reminder dispatch requested for ID: dbdb6c94-2231-4636-9138-6329a397d03c[39m
[2026-06-30 02:15:41:1541] [[32minfo[39m]: [32mTriggering notification dispatch for payment reminder: dbdb6c94-2231-4636-9138-6329a397d03c[39m
[2026-06-30 02:15:41:1541] [[32minfo[39m]: [32m[MOCK DISPATCH] Sending WHATSAPP to 1234567890:[39m
[32m"*BRASSFLOW INDUSTRIES BILLING REMINDER*[39m

[32mDear Accounts Team at *Aksar enterprisse*,[39m

[32mThis is a friendly reminder that invoice *INV-2026-00001* of *₹5,23,354.00* is due on *2026-07-29*.[39m

[32mPlease process the payment at your earliest convenience.[39m

[32mBank: HDFC Bank | A/C: 50200012345678 | IFSC: HDFC0000123[39m

[32mThank you."[39m
[2026-06-30 02:15:42:1542] [[32minfo[39m]: [32mPayment reminder: dbdb6c94-2231-4636-9138-6329a397d03c updated. Next follow-up scheduled on: 2026-06-30[39m
[2026-06-30 02:15:43:1543] [[35mhttp[39m]: [35mGET /api/invoices[39m
[2026-06-30 02:15:43:1543] [[32minfo[39m]: [32mFetching all invoices[39m
[2026-06-30 02:15:43:1543] [[35mhttp[39m]: [35mGET /api/customers[39m
[2026-06-30 02:15:43:1543] [[32minfo[39m]: [32mFetching all customers[39m
[2026-06-30 02:15:43:1543] [[35mhttp[39m]: [35mGET /api/products[39m
[2026-06-30 02:15:43:1543] [[32minfo[39m]: [32mFetching all products[39m
[2026-06-30 02:15:43:1543] [[35mhttp[39m]: [35mGET /api/reminders[39m
[2026-06-30 02:15:43:1543] [[32minfo[39m]: [32mFetching all payment reminders[39m
[2026-06-30 02:15:43:1543] [[35mhttp[39m]: [35mGET /api/reminders/logs[39m
[2026-06-30 02:15:43:1543] [[32minfo[39m]: [32mFetching payment reminder execution audit trail[39m
