[2026-06-30 01:08:01:81] [[31merror[39m]: [31mFailed fetching OCR docs: Cannot read properties of undefined (reading 'findMany')[39m
[2026-06-30 01:08:06:86] [[31merror[39m]: [31mFailed fetching OCR docs: Cannot read properties of undefined (reading 'findMany')[39m
[2026-06-30 01:44:06:446] [[31merror[39m]: [31mGlobal Error: Unexpected field[39m
[2026-06-30 01:46:29:4629] [[31merror[39m]: [31mFailed to create purchase: [39m
[31mInvalid `tx.purchase.create()` invocation in[39m
[31mC:\Users\nit05\OneDrive\Desktop\startup_idea\BrassFlow AI\backend\src\repositories\purchase.repository.ts:154:42[39m

[31m  151 const roundOff = grandTotalRounded - rawGrandTotal;[39m
[31m  152 [39m
[31m  153 // 7. Save Purchase Entry[39m
[31m→ 154 const purchase = await tx.purchase.create({[39m
[31m        data: {[39m
[31m          purchaseNumber: "PUR-2026-00001",[39m
[31m          purchaseDate: "2026-06-28",[39m
[31m                        ~~~~~~~~~~~~[39m
[31m          dueDate: "2026-07-14",[39m
[31m          supplierId: "009fd295-e2aa-4218-9967-f53eb779464e",[39m
[31m          status: "PENDING",[39m
[31m          subtotal: 630000,[39m
[31m          discountAmount: 0,[39m
[31m          cgst: 0,[39m
[31m          sgst: 0,[39m
[31m          igst: 113400,[39m
[31m          roundOff: 0,[39m
[31m          grandTotal: 743400,[39m
[31m          originalInvoiceNo: "SMS-2026-049",[39m
[31m          invoiceUrl: undefined,[39m
[31m          ocrDocumentId: "2a27329e-b544-4128-a5f3-c46d739728a8",[39m
[31m          notes: "",[39m
[31m          createdById: "54e93af8-a155-4452-819d-3c1e7150fdd3",[39m
[31m          items: {[39m
[31m            create: [[39m
[31m              {[39m
[31m                productId: "891020e2-8a7e-49ec-92bc-61d5a4cda4cb",[39m
[31m                quantity: 1500,[39m
[31m                unitPrice: 420,[39m
[31m                discountPercentage: 0,[39m
[31m                discountAmount: 0,[39m
[31m                taxableAmount: 630000,[39m
[31m                gstRate: 18,[39m
[31m                cgst: 0,[39m
[31m                sgst: 0,[39m
[31m                igst: 113400,[39m
[31m                totalAmount: 743400[39m
[31m              }[39m
[31m            ][39m
[31m          }[39m
[31m        }[39m
[31m      })[39m

[31mInvalid value for argument `purchaseDate`: premature end of input. Expected ISO-8601 DateTime.[39m
[2026-06-30 01:48:20:4820] [[31merror[39m]: [31mFailed to create invoice: Insufficient stock for product 16mm Hexagonal Brass Rod (Grade II). Available: 1200, Required: 3333[39m
[2026-06-30 01:48:39:4839] [[31merror[39m]: [31mFailed to create invoice: data.invoiceDate.toISOString is not a function[39m
[2026-06-30 01:48:51:4851] [[31merror[39m]: [31mFailed to create invoice: data.invoiceDate.toISOString is not a function[39m
[2026-06-30 01:59:33:5933] [[31merror[39m]: [31mFailed to create invoice: data.invoiceDate.toISOString is not a function[39m
[2026-06-30 02:01:00:10] [[31merror[39m]: [31mFailed to create invoice: data.invoiceDate.toISOString is not a function[39m
[2026-06-30 12:13:03:133] [[31merror[39m]: [31mFailed to create product: [39m
[31mInvalid `prisma.product.create()` invocation in[39m
[31m/home/nit.sanghani/Desktop/BrassFlow-AI/backend/src/repositories/product.repository.ts:35:27[39m

[31m  32 }[39m
[31m  33 [39m
[31m  34 async create(data: Prisma.ProductCreateInput): Promise<Product> {[39m
[31m→ 35   return prisma.product.create({[39m
[31m         data: {[39m
[31m           sku: "ROD-13",[39m
[31m           name: "Brass rod",[39m
[31m           description: "stadard",[39m
[31m           ~~~~~~~~~~~[39m
[31m           category: "Brass Rods",[39m
[31m           hsnCode: "74072110",[39m
[31m           gstRate: 18,[39m
[31m           unit: "KG",[39m
[31m           purchasePrice: 120000,[39m
[31m           sellingPrice: 2400000,[39m
[31m           openingStock: 1299,[39m
[31m           currentStock: 1299,[39m
[31m           minimumStock: 100,[39m
[31m           reservedStock: 0,[39m
[31m       ?   id?: String,[39m
[31m       ?   internalCode?: String | Null,[39m
[31m       ?   customerPartNumber?: String | Null,[39m
[31m       ?   material?: String | Null,[39m
[31m       ?   weight?: Decimal | Null,[39m
[31m       ?   finish?: String | Null,[39m
[31m       ?   drawingNumber?: String | Null,[39m
[31m       ?   revision?: String | Null,[39m
[31m       ?   cadDrawingUrl?: String | Null,[39m
[31m       ?   imageUrl?: String | Null,[39m
[31m       ?   createdAt?: DateTime,[39m
[31m       ?   updatedAt?: DateTime,[39m
[31m       ?   isDeleted?: Boolean,[39m
[31m       ?   deletedAt?: DateTime | Null,[39m
[31m       ?   createdBy?: UserCreateNestedOneWithoutCreatedProductsInput,[39m
[31m       ?   updatedBy?: UserCreateNestedOneWithoutUpdatedProductsInput,[39m
[31m       ?   invoiceItems?: InvoiceItemCreateNestedManyWithoutProductInput,[39m
[31m       ?   purchaseItems?: PurchaseItemCreateNestedManyWithoutProductInput,[39m
[31m       ?   stockTransactions?: StockTransactionCreateNestedManyWithoutProductInput[39m
[31m         }[39m
[31m       })[39m

[31mUnknown argument `description`. Available options are marked with ?.[39m
[2026-06-30 12:28:48:2848] [[31merror[39m]: [31mFailed to send email to nitsanghani1@gmail.com: Invalid login: 535-5.7.8 Username and Password not accepted. For more information, go to[39m
[31m535 5.7.8  https://support.google.com/mail/?p=BadCredentials 5a478bee46e88-30ee3170ef9sm7377933eec.16 - gsmtp[39m
